This is pdfTeX, Version 3.14159265-2.6-1.40.16 (TeX Live 2015) (preloaded format=pdflatex 2015.11.25)  29 NOV 2015 09:25
entering extended mode
 restricted \write18 enabled.
 %&-line parsing enabled.
**titlepage.tex
(./titlepage.tex
LaTeX2e <2015/01/01>
Babel <3.9l> and hyphenation patterns for 79 languages loaded.

! LaTeX Error: Environment titlepage undefined.

See the LaTeX manual or LaTeX Companion for explanation.
Type  H <return>  for immediate help.
 ...                                              
                                                  
l.1 \begin{titlepage}
                     
Your command was ignored.
Type  I <command> <return>  to replace it with another command,
or  <return>  to continue without it.


! LaTeX Error: Missing \begin{document}.

See the LaTeX manual or LaTeX Companion for explanation.
Type  H <return>  for immediate help.
 ...                                              
                                                  
l.3 \begin{center}
                  
You're in trouble here.  Try typing  <return>  to proceed.
If that doesn't work, type  X <return>  to quit.


Overfull \hbox (20.0pt too wide) in paragraph at lines 3--3
[] 
 []


! LaTeX Error: Environment LARGE undefined.

See the LaTeX manual or LaTeX Companion for explanation.
Type  H <return>  for immediate help.
 ...                                              
                                                  
l.5 \begin{LARGE}
                 
Your command was ignored.
Type  I <command> <return>  to replace it with another command,
or  <return>  to continue without it.

Missing character: There is no Ã in font cmbx10!
Missing character: There is no   in font cmbx10!

Overfull \hbox (46.39003pt too wide) in paragraph at lines 6--6
 \OT1/cmr/bx/n/10 Universit 
 []


Overfull \hbox (23.7985pt too wide) in paragraph at lines 6--6
 \OT1/cmr/bx/n/10 degli 
 []


Overfull \hbox (24.98041pt too wide) in paragraph at lines 6--6
 \OT1/cmr/bx/n/10 studi 
 []


Overfull \hbox (9.58328pt too wide) in paragraph at lines 6--6
 \OT1/cmr/bx/n/10 di 
 []


Overfull \hbox (35.97198pt too wide) in paragraph at lines 6--6
 \OT1/cmr/bx/n/10 Padova 
 []


! LaTeX Error: \begin{center} on input line 3 ended by \end{LARGE}.

See the LaTeX manual or LaTeX Companion for explanation.
Type  H <return>  for immediate help.
 ...                                              
                                                  
l.7 \end{LARGE}
               
Your command was ignored.
Type  I <command> <return>  to replace it with another command,
or  <return>  to continue without it.


! LaTeX Error: Environment Large undefined.

See the LaTeX manual or LaTeX Companion for explanation.
Type  H <return>  for immediate help.
 ...                                              
                                                  
l.11 \begin{Large}
                  
Your command was ignored.
Type  I <command> <return>  to replace it with another command,
or  <return>  to continue without it.


Overfull \hbox (87.81851pt too wide) in paragraph at lines 12--12
 []\OT1/cmr/m/sc/10 DIPARTIMENTO 
 []


Overfull \hbox (12.34709pt too wide) in paragraph at lines 12--12
 \OT1/cmr/m/sc/10 DI 
 []


Overfull \hbox (46.09673pt too wide) in paragraph at lines 12--12
 \OT1/cmr/m/sc/10 MATEM- 
 []


Overfull \hbox (18.90259pt too wide) in paragraph at lines 12--12
 \OT1/cmr/m/sc/10 AT- 
 []


Overfull \hbox (20.05534pt too wide) in paragraph at lines 12--12
 \OT1/cmr/m/sc/10 ICA 
 []


! LaTeX Error: \begin{center} on input line 3 ended by \end{Large}.

See the LaTeX manual or LaTeX Companion for explanation.
Type  H <return>  for immediate help.
 ...                                              
                                                  
l.13 \end{Large}
                
Your command was ignored.
Type  I <command> <return>  to replace it with another command,
or  <return>  to continue without it.


! LaTeX Error: Environment large undefined.

See the LaTeX manual or LaTeX Companion for explanation.
Type  H <return>  for immediate help.
 ...                                              
                                                  
l.17 \begin{large}
                  
Your command was ignored.
Type  I <command> <return>  to replace it with another command,
or  <return>  to continue without it.


Overfull \hbox (38.86073pt too wide) in paragraph at lines 18--18
 []\OT1/cmr/m/sc/10 CORSO 
 []


Overfull \hbox (12.34709pt too wide) in paragraph at lines 18--18
 \OT1/cmr/m/sc/10 DI 
 []


Overfull \hbox (26.59695pt too wide) in paragraph at lines 18--18
 \OT1/cmr/m/sc/10 LAU- 
 []


Overfull \hbox (23.55531pt too wide) in paragraph at lines 18--18
 \OT1/cmr/m/sc/10 REA 
 []


Overfull \hbox (12.1943pt too wide) in paragraph at lines 18--18
 \OT1/cmr/m/sc/10 IN 
 []


Overfull \hbox (15.97205pt too wide) in paragraph at lines 18--18
 \OT1/cmr/m/sc/10 IN- 
 []


Overfull \hbox (27.0553pt too wide) in paragraph at lines 18--18
 \OT1/cmr/m/sc/10 FOR- 
 []


Overfull \hbox (28.79137pt too wide) in paragraph at lines 18--18
 \OT1/cmr/m/sc/10 MAT- 
 []


Overfull \hbox (20.05534pt too wide) in paragraph at lines 18--18
 \OT1/cmr/m/sc/10 ICA 
 []


! LaTeX Error: \begin{center} on input line 3 ended by \end{large}.

See the LaTeX manual or LaTeX Companion for explanation.
Type  H <return>  for immediate help.
 ...                                              
                                                  
l.19 \end{large}
                
Your command was ignored.
Type  I <command> <return>  to replace it with another command,
or  <return>  to continue without it.


! LaTeX Error: Environment figure undefined.

See the LaTeX manual or LaTeX Companion for explanation.
Type  H <return>  for immediate help.
 ...                                              
                                                  
l.22 \begin{figure}
                   [htbp]
Your command was ignored.
Type  I <command> <return>  to replace it with another command,
or  <return>  to continue without it.

Missing character: There is no [ in font nullfont!
Missing character: There is no h in font nullfont!
Missing character: There is no t in font nullfont!
Missing character: There is no b in font nullfont!
Missing character: There is no p in font nullfont!
Missing character: There is no ] in font nullfont!
! Undefined control sequence.
l.24 \includegraphics
                     [height=7cm]{Pics/logo-unipd.png}
The control sequence at the end of the top line
of your error message was never \def'ed. If you have
misspelled it (e.g., `\hobx'), type `I' and the correct
spelling (e.g., `I\hbox'). Otherwise just continue,
and I'll forget about whatever was undefined.

Missing character: There is no [ in font nullfont!
Missing character: There is no h in font nullfont!
Missing character: There is no e in font nullfont!
Missing character: There is no i in font nullfont!
Missing character: There is no g in font nullfont!
Missing character: There is no h in font nullfont!
Missing character: There is no t in font nullfont!
Missing character: There is no = in font nullfont!
Missing character: There is no 7 in font nullfont!
Missing character: There is no c in font nullfont!
Missing character: There is no m in font nullfont!
Missing character: There is no ] in font nullfont!
Missing character: There is no P in font nullfont!
Missing character: There is no i in font nullfont!
Missing character: There is no c in font nullfont!
Missing character: There is no s in font nullfont!
Missing character: There is no / in font nullfont!
Missing character: There is no l in font nullfont!
Missing character: There is no o in font nullfont!
Missing character: There is no g in font nullfont!
Missing character: There is no o in font nullfont!
Missing character: There is no - in font nullfont!
Missing character: There is no u in font nullfont!
Missing character: There is no n in font nullfont!
Missing character: There is no i in font nullfont!
Missing character: There is no p in font nullfont!
Missing character: There is no d in font nullfont!
Missing character: There is no . in font nullfont!
Missing character: There is no p in font nullfont!
Missing character: There is no n in font nullfont!
Missing character: There is no g in font nullfont!

! LaTeX Error: \begin{center} on input line 3 ended by \end{figure}.

See the LaTeX manual or LaTeX Companion for explanation.
Type  H <return>  for immediate help.
 ...                                              
                                                  
l.26 \end{figure}
                 
Your command was ignored.
Type  I <command> <return>  to replace it with another command,
or  <return>  to continue without it.


! LaTeX Error: Environment LARGE undefined.

See the LaTeX manual or LaTeX Companion for explanation.
Type  H <return>  for immediate help.
 ...                                              
                                                  
l.29 \begin{LARGE}
                  
Your command was ignored.
Type  I <command> <return>  to replace it with another command,
or  <return>  to continue without it.


Overfull \hbox (39.03587pt too wide) in paragraph at lines 31--31
 \OT1/cmr/bx/n/10 Sistema 
 []


Overfull \hbox (13.6402pt too wide) in paragraph at lines 31--31
 \OT1/cmr/bx/n/10 es- 
 []


Overfull \hbox (26.93738pt too wide) in paragraph at lines 31--31
 \OT1/cmr/bx/n/10 perto 
 []


Overfull \hbox (5.59023pt too wide) in paragraph at lines 31--31
 \OT1/cmr/bx/n/10 a 
 []


Overfull \hbox (21.1471pt too wide) in paragraph at lines 31--31
 \OT1/cmr/bx/n/10 sup- 
 []


Overfull \hbox (27.41653pt too wide) in paragraph at lines 31--31
 \OT1/cmr/bx/n/10 porto 
 []


Overfull \hbox (88.23839pt too wide) in paragraph at lines 31--31
 \OT1/cmr/bx/n/10 dell'asseverazione 
 []


Overfull \hbox (9.58328pt too wide) in paragraph at lines 31--31
 \OT1/cmr/bx/n/10 in 
 []


Overfull \hbox (39.71507pt too wide) in paragraph at lines 31--31
 \OT1/cmr/bx/n/10 cantiere 
 []


! LaTeX Error: \begin{center} on input line 3 ended by \end{LARGE}.

See the LaTeX manual or LaTeX Companion for explanation.
Type  H <return>  for immediate help.
 ...                                              
                                                  
l.33 \end{LARGE}
                
Your command was ignored.
Type  I <command> <return>  to replace it with another command,
or  <return>  to continue without it.


! LaTeX Error: Environment large undefined.

See the LaTeX manual or LaTeX Companion for explanation.
Type  H <return>  for immediate help.
 ...                                              
                                                  
l.37 \begin{large}
                  
Your command was ignored.
Type  I <command> <return>  to replace it with another command,
or  <return>  to continue without it.


Overfull \hbox (17.55556pt too wide) in paragraph at lines 38--38
 []\OT1/cmr/m/sl/10 Tesi 
 []


Overfull \hbox (8.33336pt too wide) in paragraph at lines 38--38
 \OT1/cmr/m/sl/10 di 
 []


Overfull \hbox (16.6667pt too wide) in paragraph at lines 38--38
 \OT1/cmr/m/sl/10 lau- 
 []


Overfull \hbox (13.36113pt too wide) in paragraph at lines 38--38
 \OT1/cmr/m/sl/10 rea 
 []


Overfull \hbox (13.91669pt too wide) in paragraph at lines 38--38
 \OT1/cmr/m/sl/10 tri- 
 []


Overfull \hbox (13.33334pt too wide) in paragraph at lines 38--38
 \OT1/cmr/m/sl/10 en- 
 []


Overfull \hbox (18.33798pt too wide) in paragraph at lines 38--38
 \OT1/cmr/m/sl/10 nale 
 []


! LaTeX Error: \begin{center} on input line 3 ended by \end{large}.

See the LaTeX manual or LaTeX Companion for explanation.
Type  H <return>  for immediate help.
 ...                                              
                                                  
l.39 \end{large}
                
Your command was ignored.
Type  I <command> <return>  to replace it with another command,
or  <return>  to continue without it.


! LaTeX Error: Environment large undefined.

See the LaTeX manual or LaTeX Companion for explanation.
Type  H <return>  for immediate help.
 ...                                              
                                                  
l.43 \begin{large}
                  
Your command was ignored.
Type  I <command> <return>  to replace it with another command,
or  <return>  to continue without it.


Overfull \hbox (36.54pt too wide) in paragraph at lines 45--45
\OT1/cmr/m/it/10 Relatore  
 []

Missing character: There is no P in font nullfont!
Missing character: There is no r in font nullfont!
Missing character: There is no o in font nullfont!
Missing character: There is no f in font nullfont!
Missing character: There is no . in font nullfont!
Missing character: There is no O in font nullfont!
Missing character: There is no m in font nullfont!
Missing character: There is no b in font nullfont!
Missing character: There is no r in font nullfont!
Missing character: There is no e in font nullfont!
Missing character: There is no t in font nullfont!
Missing character: There is no t in font nullfont!
Missing character: There is no a in font nullfont!
Missing character: There is no G in font nullfont!
Missing character: There is no a in font nullfont!
Missing character: There is no g in font nullfont!
Missing character: There is no g in font nullfont!
Missing character: There is no i in font nullfont!

Overfull \hbox (45.61978pt too wide) in paragraph at lines 53--53
 \OT1/cmr/m/it/10 Laureando
 []

Missing character: There is no F in font nullfont!
Missing character: There is no a in font nullfont!
Missing character: There is no b in font nullfont!
Missing character: There is no i in font nullfont!
Missing character: There is no o in font nullfont!
Missing character: There is no R in font nullfont!
Missing character: There is no o in font nullfont!
Missing character: There is no s in font nullfont!

! LaTeX Error: \begin{center} on input line 3 ended by \end{large}.

See the LaTeX manual or LaTeX Companion for explanation.
Type  H <return>  for immediate help.
 ...                                              
                                                  
l.57 \end{large}
                
Your command was ignored.
Type  I <command> <return>  to replace it with another command,
or  <return>  to continue without it.


Overfull \hbox (338.0pt too wide) in paragraph at lines 61--61
 []| 
 []


! LaTeX Error: The font size command \normalsize is not defined:
               there is probably something wrong with the class file.

See the LaTeX manual or LaTeX Companion for explanation.
Type  H <return>  for immediate help.
 ...                                              
                                                  
l.62 \begin{normalsize}
                       
Your command was ignored.
Type  I <command> <return>  to replace it with another command,
or  <return>  to continue without it.


Overfull \hbox (26.76097pt too wide) in paragraph at lines 63--65
 []\OT1/cmr/m/sc/10 Anno 
 []


Overfull \hbox (17.53595pt too wide) in paragraph at lines 63--65
 \OT1/cmr/m/sc/10 Ac- 
 []


Overfull \hbox (15.82213pt too wide) in paragraph at lines 63--65
 \OT1/cmr/m/sc/10 ca- 
 []


Overfull \hbox (34.5776pt too wide) in paragraph at lines 63--65
 \OT1/cmr/m/sc/10 demico 
 []


Overfull \hbox (25.88864pt too wide) in paragraph at lines 63--65
 \OT1/cmr/m/sc/10 2015- 
 []


Overfull \hbox (22.1109pt too wide) in paragraph at lines 63--65
 \OT1/cmr/m/sc/10 2016 
 []


! LaTeX Error: \begin{document} ended by \end{titlepage}.

See the LaTeX manual or LaTeX Companion for explanation.
Type  H <return>  for immediate help.
 ...                                              
                                                  
l.67 \end{titlepage}
                    
Your command was ignored.
Type  I <command> <return>  to replace it with another command,
or  <return>  to continue without it.

)
! Emergency stop.
<*> titlepage.tex
                 
*** (job aborted, no legal \end found)

 
Here is how much of TeX's memory you used:
 25 strings out of 493089
 312 string characters out of 6134841
 55199 words of memory out of 5000000
 3606 multiletter control sequences out of 15000+600000
 4948 words of font info for 18 fonts, out of 8000000 for 9000
 1141 hyphenation exceptions out of 8191
 13i,1n,10p,100b,166s stack positions out of 5000i,500n,10000p,200000b,80000s
!  ==> Fatal error occurred, no output PDF file produced!
